<?xml version="1.0" encoding="UTF-8"?>
<!-- Generated by org.testng.reporters.JUnitXMLReporter -->
<testsuite ignored="0" hostname="EEEPc0160" failures="2" tests="3" name="Test" time="306.837" errors="0" timestamp="2019-09-13T19:24:17 IST">
  <testcase classname="com.tvsm2.TestCases.AddVehicleTest" name="@AfterMethod logout" time="1.594">
    <failure type="org.openqa.selenium.NoSuchElementException" message="An element could not be located on the page using the given search parameters. (WARNING: The server did not provide any stacktrace information)
Command duration or timeout: 0 milliseconds
For documentation on this error, please visit: https://www.seleniumhq.org/exceptions/no_such_element.html
Build info: version: &amp;apos;3.141.59&amp;apos;, revision: &amp;apos;e82be7d358&amp;apos;, time: &amp;apos;2018-11-14T08:17:03&amp;apos;
System info: host: &amp;apos;EEEPC0160&amp;apos;, ip: &amp;apos;172.16.10.67&amp;apos;, os.name: &amp;apos;Windows 8.1&amp;apos;, os.arch: &amp;apos;amd64&amp;apos;, os.version: &amp;apos;6.3&amp;apos;, java.version: &amp;apos;12.0.2&amp;apos;
Driver info: io.appium.java_client.android.AndroidDriver
Capabilities {adbPort: 15022, appActivity: com.tvsm.connect.SplashActi..., appPackage: com.tvsm.connect, appiumVersion: 1.14.0, autoGrantPermissions: true, cacheId: 16d2a5ccd7a, chromedriverChromeMappingFile: /root/.testobject_devices/w..., chromedriverExecutableDir: /root/.testobject_devices/w..., chromedriverPorts: [[26220, 26230]], databaseEnabled: false, desired: {adbPort: 15022, appActivity: com.tvsm.connect.SplashActi..., appPackage: com.tvsm.connect, appiumVersion: 1.14.0, autoGrantPermissions: true, cacheId: 16d2a5ccd7a, chromedriverChromeMappingFile: /root/.testobject_devices/w..., chromedriverExecutableDir: /root/.testobject_devices/w..., chromedriverPorts: [[26220, 26230]], deviceName: Motorola_Moto_G6_free, deviceOrientation: portrait, name: TVSM Sample Test, noReset: false, platform: ANDROID, platformName: Android, suppressKillServer: true, systemPort: 8222, testobject_api_key: 083D5A39FAD945F5800713594D0..., testobject_app_id: 1, testobject_appium_version: 1.14.0, testobject_device: Motorola_Moto_G6_free, testobject_platform_name: Android, testobject_test_name: TVSM Sample Test, usedCachedDevice: true, version: }, deviceApiLevel: 26, deviceContextId: ff32d06d-f8ee-4540-bfba-661..., deviceManufacturer: motorola, deviceModel: moto g(6), deviceName: 127.0.0.1:16001, deviceOrientation: portrait, deviceScreenDensity: 480, deviceScreenSize: 1080x2160, deviceUDID: 127.0.0.1:16001, javascriptEnabled: true, locationContextEnabled: false, name: TVSM Sample Test, networkConnectionEnabled: true, noReset: false, pixelRatio: 3, platform: ANDROID, platformName: Android, platformVersion: 8.0.0, statBarHeight: 72, suppressKillServer: true, systemPort: 8222, takesScreenshot: true, testobject_api_key: 083D5A39FAD945F5800713594D0..., testobject_app_id: 1, testobject_appium_version: 1.14.0, testobject_device: Motorola_Moto_G6_free, testobject_device_name: Motorola Moto G6, testobject_device_session_id: f67ccae0-0a31-40b0-8e3a-76c..., testobject_platform_name: Android, testobject_project_id: tvs-connect, testobject_test_live_view_url: https://app.testobject.com/..., testobject_test_name: TVSM Sample Test, testobject_test_report_api_url: https://app.testobject.com/..., testobject_test_report_id: 6, testobject_test_report_url: https://app.testobject.com/..., testobject_user_id: deshmanedr, usedCachedDevice: true, version: , viewportRect: {height: 1944, left: 0, top: 72, width: 1080}, warnings: {}, webStorageEnabled: false}
Session ID: 5dcf1c8d-83df-4822-82b5-f6b7daf7bc5e
*** Element info: {Using=xpath, value=//*[@id=&amp;apos;imgBack&amp;apos;]}">
      <![CDATA[org.openqa.selenium.NoSuchElementException: An element could not be located on the page using the given search parameters. (WARNING: The server did not provide any stacktrace information)
Command duration or timeout: 0 milliseconds
For documentation on this error, please visit: https://www.seleniumhq.org/exceptions/no_such_element.html
Build info: version: '3.141.59', revision: 'e82be7d358', time: '2018-11-14T08:17:03'
System info: host: 'EEEPC0160', ip: '172.16.10.67', os.name: 'Windows 8.1', os.arch: 'amd64', os.version: '6.3', java.version: '12.0.2'
Driver info: io.appium.java_client.android.AndroidDriver
Capabilities {adbPort: 15022, appActivity: com.tvsm.connect.SplashActi..., appPackage: com.tvsm.connect, appiumVersion: 1.14.0, autoGrantPermissions: true, cacheId: 16d2a5ccd7a, chromedriverChromeMappingFile: /root/.testobject_devices/w..., chromedriverExecutableDir: /root/.testobject_devices/w..., chromedriverPorts: [[26220, 26230]], databaseEnabled: false, desired: {adbPort: 15022, appActivity: com.tvsm.connect.SplashActi..., appPackage: com.tvsm.connect, appiumVersion: 1.14.0, autoGrantPermissions: true, cacheId: 16d2a5ccd7a, chromedriverChromeMappingFile: /root/.testobject_devices/w..., chromedriverExecutableDir: /root/.testobject_devices/w..., chromedriverPorts: [[26220, 26230]], deviceName: Motorola_Moto_G6_free, deviceOrientation: portrait, name: TVSM Sample Test, noReset: false, platform: ANDROID, platformName: Android, suppressKillServer: true, systemPort: 8222, testobject_api_key: 083D5A39FAD945F5800713594D0..., testobject_app_id: 1, testobject_appium_version: 1.14.0, testobject_device: Motorola_Moto_G6_free, testobject_platform_name: Android, testobject_test_name: TVSM Sample Test, usedCachedDevice: true, version: }, deviceApiLevel: 26, deviceContextId: ff32d06d-f8ee-4540-bfba-661..., deviceManufacturer: motorola, deviceModel: moto g(6), deviceName: 127.0.0.1:16001, deviceOrientation: portrait, deviceScreenDensity: 480, deviceScreenSize: 1080x2160, deviceUDID: 127.0.0.1:16001, javascriptEnabled: true, locationContextEnabled: false, name: TVSM Sample Test, networkConnectionEnabled: true, noReset: false, pixelRatio: 3, platform: ANDROID, platformName: Android, platformVersion: 8.0.0, statBarHeight: 72, suppressKillServer: true, systemPort: 8222, takesScreenshot: true, testobject_api_key: 083D5A39FAD945F5800713594D0..., testobject_app_id: 1, testobject_appium_version: 1.14.0, testobject_device: Motorola_Moto_G6_free, testobject_device_name: Motorola Moto G6, testobject_device_session_id: f67ccae0-0a31-40b0-8e3a-76c..., testobject_platform_name: Android, testobject_project_id: tvs-connect, testobject_test_live_view_url: https://app.testobject.com/..., testobject_test_name: TVSM Sample Test, testobject_test_report_api_url: https://app.testobject.com/..., testobject_test_report_id: 6, testobject_test_report_url: https://app.testobject.com/..., testobject_user_id: deshmanedr, usedCachedDevice: true, version: , viewportRect: {height: 1944, left: 0, top: 72, width: 1080}, warnings: {}, webStorageEnabled: false}
Session ID: 5dcf1c8d-83df-4822-82b5-f6b7daf7bc5e
*** Element info: {Using=xpath, value=//*[@id='imgBack']}
at org.openqa.selenium.remote.ErrorHandler.createThrowable(ErrorHandler.java:214)
at org.openqa.selenium.remote.ErrorHandler.throwIfResponseFailed(ErrorHandler.java:166)
at org.openqa.selenium.remote.http.JsonHttpResponseCodec.reconstructValue(JsonHttpResponseCodec.java:40)
at org.openqa.selenium.remote.http.AbstractHttpResponseCodec.decode(AbstractHttpResponseCodec.java:80)
at org.openqa.selenium.remote.http.AbstractHttpResponseCodec.decode(AbstractHttpResponseCodec.java:44)
at org.openqa.selenium.remote.HttpCommandExecutor.execute(HttpCommandExecutor.java:158)
at io.appium.java_client.remote.AppiumCommandExecutor.execute(AppiumCommandExecutor.java:239)
at org.openqa.selenium.remote.RemoteWebDriver.execute(RemoteWebDriver.java:552)
at io.appium.java_client.DefaultGenericMobileDriver.execute(DefaultGenericMobileDriver.java:42)
at io.appium.java_client.AppiumDriver.execute(AppiumDriver.java:1)
at io.appium.java_client.android.AndroidDriver.execute(AndroidDriver.java:1)
at org.openqa.selenium.remote.RemoteWebDriver.findElement(RemoteWebDriver.java:323)
at io.appium.java_client.DefaultGenericMobileDriver.findElement(DefaultGenericMobileDriver.java:62)
at io.appium.java_client.AppiumDriver.findElement(AppiumDriver.java:1)
at io.appium.java_client.android.AndroidDriver.findElement(AndroidDriver.java:1)
at org.openqa.selenium.remote.RemoteWebDriver.findElementByXPath(RemoteWebDriver.java:428)
at io.appium.java_client.DefaultGenericMobileDriver.findElementByXPath(DefaultGenericMobileDriver.java:152)
at io.appium.java_client.AppiumDriver.findElementByXPath(AppiumDriver.java:1)
at io.appium.java_client.android.AndroidDriver.findElementByXPath(AndroidDriver.java:1)
at org.openqa.selenium.By$ByXPath.findElement(By.java:353)
at org.openqa.selenium.remote.RemoteWebDriver.findElement(RemoteWebDriver.java:315)
at io.appium.java_client.DefaultGenericMobileDriver.findElement(DefaultGenericMobileDriver.java:58)
at io.appium.java_client.AppiumDriver.findElement(AppiumDriver.java:1)
at io.appium.java_client.android.AndroidDriver.findElement(AndroidDriver.java:1)
at com.tvsm2.Base.TestBaseClass.Logout(TestBaseClass.java:128)
at com.tvsm2.TestCases.AddVehicleTest.logout(AddVehicleTest.java:46)
at java.base/java.util.ArrayList.forEach(ArrayList.java:1540)
... Removed 37 stack frames]]>
    </failure>
  </testcase> <!-- @AfterMethod logout -->
  <testcase classname="com.tvsm2.Base.TestBaseClass" name="@AfterMethod quit" time="-1.568382857083E9">
    <skipped/>
  </testcase> <!-- @AfterMethod quit -->
  <testcase classname="com.tvsm2.TestCases.LoginTest" name="Login_logout_Test" time="51.633">
    <failure type="org.openqa.selenium.TimeoutException" message="Expected condition failed: waiting for visibility of Located by By.chained({By.xpath: //*[@id=&amp;apos;iv_next&amp;apos;]}) (tried for 15 second(s) with 500 milliseconds interval)">
      <![CDATA[org.openqa.selenium.TimeoutException: Expected condition failed: waiting for visibility of Located by By.chained({By.xpath: //*[@id='iv_next']}) (tried for 15 second(s) with 500 milliseconds interval)
at org.openqa.selenium.support.ui.WebDriverWait.timeoutException(WebDriverWait.java:95)
at org.openqa.selenium.support.ui.FluentWait.until(FluentWait.java:272)
at com.tvsm2.pages.UpdatePage.GoToHomePage(UpdatePage.java:31)
at com.tvsm2.Base.TestBaseClass.Login(TestBaseClass.java:116)
at com.tvsm2.TestCases.LoginTest.Login_logout_Test(LoginTest.java:17)
at java.base/java.util.ArrayList.forEach(ArrayList.java:1540)
Caused by: org.openqa.selenium.NoSuchElementException: Can't locate an element by this strategy: By.chained({By.xpath: //*[@id='iv_next']})
at io.appium.java_client.pagefactory.AppiumElementLocator.findElement(AppiumElementLocator.java:126)
at io.appium.java_client.pagefactory.interceptors.InterceptorOfASingleElement.intercept(InterceptorOfASingleElement.java:59)
at io.appium.java_client.android.AndroidElement$$EnhancerByCGLIB$$c0b591f0.isDisplayed(<generated>)
at org.openqa.selenium.support.ui.ExpectedConditions.elementIfVisible(ExpectedConditions.java:314)
at org.openqa.selenium.support.ui.ExpectedConditions.access$000(ExpectedConditions.java:43)
at org.openqa.selenium.support.ui.ExpectedConditions$10.apply(ExpectedConditions.java:300)
at org.openqa.selenium.support.ui.ExpectedConditions$10.apply(ExpectedConditions.java:297)
at org.openqa.selenium.support.ui.FluentWait.until(FluentWait.java:249)
... 31 more
Caused by: org.openqa.selenium.TimeoutException: Expected condition failed: waiting for io.appium.java_client.pagefactory.AppiumElementLocator$WaitingFunction@4a325eb9 (tried for 1 second(s) with 500 milliseconds interval)
at org.openqa.selenium.support.ui.FluentWait.timeoutException(FluentWait.java:304)
at org.openqa.selenium.support.ui.FluentWait.until(FluentWait.java:272)
at io.appium.java_client.pagefactory.AppiumElementLocator.waitFor(AppiumElementLocator.java:99)
at io.appium.java_client.pagefactory.AppiumElementLocator.findElement(AppiumElementLocator.java:119)
... 38 more
Caused by: org.openqa.selenium.NoSuchElementException: Cannot locate an element using By.chained({By.xpath: //*[@id='iv_next']})
For documentation on this error, please visit: https://www.seleniumhq.org/exceptions/no_such_element.html
Build info: version: '3.141.59', revision: 'e82be7d358', time: '2018-11-14T08:17:03'
System info: host: 'EEEPC0160', ip: '172.16.10.67', os.name: 'Windows 8.1', os.arch: 'amd64', os.version: '6.3', java.version: '12.0.2'
Driver info: driver.version: AndroidDriver
at io.appium.java_client.pagefactory.bys.builder.ByChained.findElement(ByChained.java:74)
at org.openqa.selenium.remote.RemoteWebDriver.findElement(RemoteWebDriver.java:315)
at io.appium.java_client.DefaultGenericMobileDriver.findElement(DefaultGenericMobileDriver.java:58)
at io.appium.java_client.AppiumDriver.findElement(AppiumDriver.java:1)
at io.appium.java_client.android.AndroidDriver.findElement(AndroidDriver.java:1)
at io.appium.java_client.pagefactory.bys.ContentMappedBy.findElement(ContentMappedBy.java:50)
at org.openqa.selenium.remote.RemoteWebDriver.findElement(RemoteWebDriver.java:315)
at io.appium.java_client.DefaultGenericMobileDriver.findElement(DefaultGenericMobileDriver.java:58)
at io.appium.java_client.AppiumDriver.findElement(AppiumDriver.java:1)
at io.appium.java_client.android.AndroidDriver.findElement(AndroidDriver.java:1)
at io.appium.java_client.pagefactory.AppiumElementLocator.lambda$0(AppiumElementLocator.java:120)
at io.appium.java_client.pagefactory.AppiumElementLocator$WaitingFunction.apply(AppiumElementLocator.java:172)
at io.appium.java_client.pagefactory.AppiumElementLocator$WaitingFunction.apply(AppiumElementLocator.java:1)
at org.openqa.selenium.support.ui.FluentWait.until(FluentWait.java:249)
... 40 more
... Removed 27 stack frames]]>
    </failure>
  </testcase> <!-- Login_logout_Test -->
  <testcase classname="com.tvsm2.TestCases.AddVehicleTest" name="add_vehicle_test" time="63.7">
    <failure type="org.openqa.selenium.TimeoutException" message="Expected condition failed: waiting for visibility of Located by By.chained({By.xpath: //*[@id=&amp;apos;iv_next&amp;apos;]}) (tried for 15 second(s) with 500 milliseconds interval)">
      <![CDATA[org.openqa.selenium.TimeoutException: Expected condition failed: waiting for visibility of Located by By.chained({By.xpath: //*[@id='iv_next']}) (tried for 15 second(s) with 500 milliseconds interval)
at org.openqa.selenium.support.ui.WebDriverWait.timeoutException(WebDriverWait.java:95)
at org.openqa.selenium.support.ui.FluentWait.until(FluentWait.java:272)
at com.tvsm2.pages.UpdatePage.GoToHomePage(UpdatePage.java:31)
at com.tvsm2.Base.TestBaseClass.Login(TestBaseClass.java:116)
at com.tvsm2.TestCases.AddVehicleTest.add_vehicle_test(AddVehicleTest.java:23)
at java.base/java.util.ArrayList.forEach(ArrayList.java:1540)
Caused by: org.openqa.selenium.NoSuchElementException: Can't locate an element by this strategy: By.chained({By.xpath: //*[@id='iv_next']})
at io.appium.java_client.pagefactory.AppiumElementLocator.findElement(AppiumElementLocator.java:126)
at io.appium.java_client.pagefactory.interceptors.InterceptorOfASingleElement.intercept(InterceptorOfASingleElement.java:59)
at io.appium.java_client.android.AndroidElement$$EnhancerByCGLIB$$c0b591f0.isDisplayed(<generated>)
at org.openqa.selenium.support.ui.ExpectedConditions.elementIfVisible(ExpectedConditions.java:314)
at org.openqa.selenium.support.ui.ExpectedConditions.access$000(ExpectedConditions.java:43)
at org.openqa.selenium.support.ui.ExpectedConditions$10.apply(ExpectedConditions.java:300)
at org.openqa.selenium.support.ui.ExpectedConditions$10.apply(ExpectedConditions.java:297)
at org.openqa.selenium.support.ui.FluentWait.until(FluentWait.java:249)
... 31 more
Caused by: org.openqa.selenium.TimeoutException: Expected condition failed: waiting for io.appium.java_client.pagefactory.AppiumElementLocator$WaitingFunction@66434cc8 (tried for 1 second(s) with 500 milliseconds interval)
at org.openqa.selenium.support.ui.FluentWait.timeoutException(FluentWait.java:304)
at org.openqa.selenium.support.ui.FluentWait.until(FluentWait.java:272)
at io.appium.java_client.pagefactory.AppiumElementLocator.waitFor(AppiumElementLocator.java:99)
at io.appium.java_client.pagefactory.AppiumElementLocator.findElement(AppiumElementLocator.java:119)
... 38 more
Caused by: org.openqa.selenium.NoSuchElementException: Cannot locate an element using By.chained({By.xpath: //*[@id='iv_next']})
For documentation on this error, please visit: https://www.seleniumhq.org/exceptions/no_such_element.html
Build info: version: '3.141.59', revision: 'e82be7d358', time: '2018-11-14T08:17:03'
System info: host: 'EEEPC0160', ip: '172.16.10.67', os.name: 'Windows 8.1', os.arch: 'amd64', os.version: '6.3', java.version: '12.0.2'
Driver info: driver.version: AndroidDriver
at io.appium.java_client.pagefactory.bys.builder.ByChained.findElement(ByChained.java:74)
at org.openqa.selenium.remote.RemoteWebDriver.findElement(RemoteWebDriver.java:315)
at io.appium.java_client.DefaultGenericMobileDriver.findElement(DefaultGenericMobileDriver.java:58)
at io.appium.java_client.AppiumDriver.findElement(AppiumDriver.java:1)
at io.appium.java_client.android.AndroidDriver.findElement(AndroidDriver.java:1)
at io.appium.java_client.pagefactory.bys.ContentMappedBy.findElement(ContentMappedBy.java:50)
at org.openqa.selenium.remote.RemoteWebDriver.findElement(RemoteWebDriver.java:315)
at io.appium.java_client.DefaultGenericMobileDriver.findElement(DefaultGenericMobileDriver.java:58)
at io.appium.java_client.AppiumDriver.findElement(AppiumDriver.java:1)
at io.appium.java_client.android.AndroidDriver.findElement(AndroidDriver.java:1)
at io.appium.java_client.pagefactory.AppiumElementLocator.lambda$0(AppiumElementLocator.java:120)
at io.appium.java_client.pagefactory.AppiumElementLocator$WaitingFunction.apply(AppiumElementLocator.java:172)
at io.appium.java_client.pagefactory.AppiumElementLocator$WaitingFunction.apply(AppiumElementLocator.java:1)
at org.openqa.selenium.support.ui.FluentWait.until(FluentWait.java:249)
... 40 more
... Removed 27 stack frames]]>
    </failure>
  </testcase> <!-- add_vehicle_test -->
  <testcase classname="com.tvsm2.TestCases.AddVehicleTest" name="delete_vehicle_test" time="0.0">
    <skipped/>
  </testcase> <!-- delete_vehicle_test -->
</testsuite> <!-- Test -->
